#
# There is insufficient memory for the Java Runtime Environment to continue.
# Native memory allocation (mmap) failed to map 65536 bytes for Failed to commit metaspace.
# Possible reasons:
#   The system is out of physical RAM or swap space
#   The process is running with CompressedOops enabled, and the Java Heap may be blocking the growth of the native heap
# Possible solutions:
#   Reduce memory load on the system
#   Increase physical memory or swap space
#   Check if swap backing store is full
#   Decrease Java heap size (-Xmx/-Xms)
#   Decrease number of Java threads
#   Decrease Java thread stack sizes (-Xss)
#   Set larger code cache with -XX:ReservedCodeCacheSize=
#   JVM is running with Unscaled Compressed Oops mode in which the Java heap is
#     placed in the first 4GB address space. The Java Heap base address is the
#     maximum limit for the native heap growth. Please use -XX:HeapBaseMinAddress
#     to set the Java Heap base and to place the Java Heap above 4GB virtual address.
# This output file may be truncated or incomplete.
#
#  Out of Memory Error (virtualSpaceNode.cpp:110), pid=12300, tid=1368
#
# JRE version: Java(TM) SE Runtime Environment (20.0.2+9) (build 20.0.2+9-78)
# Java VM: Java HotSpot(TM) 64-Bit Server VM (20.0.2+9-78, mixed mode, sharing, tiered, compressed oops, compressed class ptrs, g1 gc, windows-amd64)
# No core dump will be written. Minidumps are not enabled by default on client versions of Windows
#

---------------  S U M M A R Y ------------

Command Line: -ea -Dfile.encoding=UTF-8 -XX:+ShowCodeDetailsInExceptionMessages org.eclipse.jdt.internal.junit.runner.RemoteTestRunner -version 3 -port 56113 -testLoaderClass org.eclipse.jdt.internal.junit5.runner.JUnit5TestLoader -loaderpluginname org.eclipse.jdt.junit5.runtime -classNames com.devsuperior.demo.controllers.EventControllerIT

Host: Intel(R) Core(TM) i5-7200U CPU @ 2.50GHz, 4 cores, 7G,  Windows 10 , 64 bit Build 19041 (10.0.19041.3393)
Time: Wed Sep 20 19:21:33 2023 Hora oficial do Brasil elapsed time: 1.428202 seconds (0d 0h 0m 1s)

---------------  T H R E A D  ---------------

Current thread (0x000001636bc7bc00):  JavaThread "C1 CompilerThread0" daemon [_thread_in_vm, id=1368, stack(0x00000003d1100000,0x00000003d1200000)]


Current CompileTask:
C1:   1428 1333       3       java.lang.invoke.MethodHandleImpl::makePairwiseConvertByEditor (617 bytes)

Stack: [0x00000003d1100000,0x00000003d1200000]
Native frames: (J=compiled Java code, j=interpreted, Vv=VM code, C=native code)
V  [jvm.dll+0x6bc25a]
V  [jvm.dll+0x84971a]
V  [jvm.dll+0x84b315]
V  [jvm.dll+0x84ba13]
V  [jvm.dll+0x280e4f]
V  [jvm.dll+0x84565b]
V  [jvm.dll+0x660616]
V  [jvm.dll+0x66067a]
V  [jvm.dll+0x662f53]
V  [jvm.dll+0x662e1e]
V  [jvm.dll+0x66102e]
V  [jvm.dll+0x67248a]
V  [jvm.dll+0x66b9b2]
V  [jvm.dll+0x1f9260]
V  [jvm.dll+0x1f9448]
V  [jvm.dll+0x16ac26]
V  [jvm.dll+0x16aa75]
V  [jvm.dll+0x162555]
V  [jvm.dll+0x1647d7]
V  [jvm.dll+0x162cfc]
V  [jvm.dll+0x16b5e2]
V  [jvm.dll+0x16aa75]
V  [jvm.dll+0x162555]
V  [jvm.dll+0x1647d7]
V  [jvm.dll+0x162cfc]
V  [jvm.dll+0x16b5e2]
V  [jvm.dll+0x16aa75]
V  [jvm.dll+0x162555]
V  [jvm.dll+0x1647d7]
V  [jvm.dll+0x162cfc]
V  [jvm.dll+0x16b5e2]
V  [jvm.dll+0x16aa75]
V  [jvm.dll+0x162555]
V  [jvm.dll+0x1647d7]
V  [jvm.dll+0x162cfc]
V  [jvm.dll+0x16b5e2]
V  [jvm.dll+0x16aa75]
V  [jvm.dll+0x162555]
V  [jvm.dll+0x1647d7]
V  [jvm.dll+0x162cfc]
V  [jvm.dll+0x16b5e2]
V  [jvm.dll+0x16aa75]
V  [jvm.dll+0x162555]
V  [jvm.dll+0x1647d7]
V  [jvm.dll+0x162df5]
V  [jvm.dll+0x16b5e2]
V  [jvm.dll+0x16aa75]
V  [jvm.dll+0x162555]
V  [jvm.dll+0x1647d7]
V  [jvm.dll+0x162df5]
V  [jvm.dll+0x15cc4a]
V  [jvm.dll+0x16c776]
V  [jvm.dll+0x157ed0]
V  [jvm.dll+0x158253]
V  [jvm.dll+0x158514]
V  [jvm.dll+0x157956]
V  [jvm.dll+0x15968d]
V  [jvm.dll+0x25a0eb]
V  [jvm.dll+0x2587c0]
V  [jvm.dll+0x3f2dd5]
V  [jvm.dll+0x7f5c76]
V  [jvm.dll+0x6baecb]
C  [ucrtbase.dll+0x21bb2]
C  [KERNEL32.DLL+0x17344]
C  [ntdll.dll+0x526b1]


---------------  P R O C E S S  ---------------

Threads class SMR info:
_java_thread_list=0x000001637066f730, length=12, elements={
0x000001634fb2dbc0, 0x000001636bc5de40, 0x000001636bc5f480, 0x000001636bc63f50,
0x000001636bc681f0, 0x000001636bc69470, 0x000001636bc72ca0, 0x000001636bc7a270,
0x000001636bc7bc00, 0x00000163700f9010, 0x00000163700fa000, 0x00000163700faff0
}

Java Threads: ( => current thread )
  0x000001634fb2dbc0 JavaThread "main" [_thread_in_vm, id=4228, stack(0x00000003d0300000,0x00000003d0400000)]
  0x000001636bc5de40 JavaThread "Reference Handler" daemon [_thread_blocked, id=14736, stack(0x00000003d0a00000,0x00000003d0b00000)]
  0x000001636bc5f480 JavaThread "Finalizer" daemon [_thread_blocked, id=15580, stack(0x00000003d0b00000,0x00000003d0c00000)]
  0x000001636bc63f50 JavaThread "Signal Dispatcher" daemon [_thread_blocked, id=15364, stack(0x00000003d0c00000,0x00000003d0d00000)]
  0x000001636bc681f0 JavaThread "Attach Listener" daemon [_thread_blocked, id=7360, stack(0x00000003d0d00000,0x00000003d0e00000)]
  0x000001636bc69470 JavaThread "Service Thread" daemon [_thread_blocked, id=14000, stack(0x00000003d0e00000,0x00000003d0f00000)]
  0x000001636bc72ca0 JavaThread "Monitor Deflation Thread" daemon [_thread_blocked, id=10148, stack(0x00000003d0f00000,0x00000003d1000000)]
  0x000001636bc7a270 JavaThread "C2 CompilerThread0" daemon [_thread_blocked, id=3444, stack(0x00000003d1000000,0x00000003d1100000)]
=>0x000001636bc7bc00 JavaThread "C1 CompilerThread0" daemon [_thread_in_vm, id=1368, stack(0x00000003d1100000,0x00000003d1200000)]
  0x00000163700f9010 JavaThread "Notification Thread" daemon [_thread_blocked, id=8704, stack(0x00000003d1200000,0x00000003d1300000)]
  0x00000163700fa000 JavaThread "Common-Cleaner" daemon [_thread_blocked, id=1412, stack(0x00000003d1400000,0x00000003d1500000)]
  0x00000163700faff0 JavaThread "ReaderThread" [_thread_in_native, id=12228, stack(0x00000003d1500000,0x00000003d1600000)]

Other Threads:
  0x000001636bc3f280 VMThread "VM Thread" [stack: 0x00000003d0900000,0x00000003d0a00000] [id=10052]
  0x0000016370107400 WatcherThread "VM Periodic Task Thread" [stack: 0x00000003d1300000,0x00000003d1400000] [id=9492]
  0x000001634fb8ca90 WorkerThread "GC Thread#0" [stack: 0x00000003d0400000,0x00000003d0500000] [id=15944]
  0x0000016370721780 WorkerThread "GC Thread#1" [stack: 0x00000003d1600000,0x00000003d1700000] [id=15900]
  0x00000163706b8af0 WorkerThread "GC Thread#2" [stack: 0x00000003d1700000,0x00000003d1800000] [id=600]
  0x0000016370724290 WorkerThread "GC Thread#3" [stack: 0x00000003d1800000,0x00000003d1900000] [id=2676]
  0x000001634fb9e500 ConcurrentGCThread "G1 Main Marker" [stack: 0x00000003d0500000,0x00000003d0600000] [id=9564]
  0x000001634fb9ee40 WorkerThread "G1 Conc#0" [stack: 0x00000003d0600000,0x00000003d0700000] [id=8504]
  0x000001636baf34d0 ConcurrentGCThread "G1 Refine#0" [stack: 0x00000003d0700000,0x00000003d0800000] [id=15984]
  0x000001634fbecf80 ConcurrentGCThread "G1 Service" [stack: 0x00000003d0800000,0x00000003d0900000] [id=11008]

Threads with active compile tasks:
C1 CompilerThread0     1545 1333       3       java.lang.invoke.MethodHandleImpl::makePairwiseConvertByEditor (617 bytes)

VM state: not at safepoint (normal execution)

VM Mutex/Monitor currently owned by a thread:  ([mutex/lock_event])
[0x000001634fb263e0] Metaspace_lock - owner thread: 0x000001636bc7bc00

Heap address: 0x0000000081e00000, size: 2018 MB, Compressed Oops mode: 32-bit

CDS archive(s) mapped at: [0x0000016300000000-0x0000016300c60000-0x0000016300c60000), size 12976128, SharedBaseAddress: 0x0000016300000000, ArchiveRelocationMode: 1.
Compressed class space mapped at: 0x0000016301000000-0x0000016341000000, reserved size: 1073741824
Narrow klass base: 0x0000016300000000, Narrow klass shift: 0, Narrow klass range: 0x100000000

GC Precious Log:
 CardTable entry size: 512
 Card Set container configuration: InlinePtr #cards 5 size 8 Array Of Cards #cards 12 size 40 Howl #buckets 4 coarsen threshold 1843 Howl Bitmap #cards 512 size 80 coarsen threshold 460 Card regions per heap region 1 cards per card region 2048
 CPUs: 4 total, 4 available
 Memory: 8068M
 Large Page Support: Disabled
 NUMA Support: Disabled
 Compressed Oops: Enabled (32-bit)
 Heap Region Size: 1M
 Heap Min Capacity: 8M
 Heap Initial Capacity: 128M
 Heap Max Capacity: 2018M
 Pre-touch: Disabled
 Parallel Workers: 4
 Concurrent Workers: 1
 Concurrent Refinement Workers: 4
 Periodic GC: Disabled

Heap:
 garbage-first heap   total 131072K, used 7256K [0x0000000081e00000, 0x0000000100000000)
  region size 1024K, 3 young (3072K), 2 survivors (2048K)
 Metaspace       used 6761K, committed 6976K, reserved 1114112K
  class space    used 827K, committed 960K, reserved 1048576K

Heap Regions: E=young(eden), S=young(survivor), O=old, HS=humongous(starts), HC=humongous(continues), CS=collection set, F=free, OA=open archive, CA=closed archive, TAMS=top-at-mark-start, PB=parsable bottom
|   0|0x0000000081e00000, 0x0000000081f00000, 0x0000000081f00000|100%|HS|  |TAMS 0x0000000081e00000| PB 0x0000000081e00000| Complete 
|   1|0x0000000081f00000, 0x0000000082000000, 0x0000000082000000|100%| O|  |TAMS 0x0000000081f00000| PB 0x0000000081f00000| Untracked 
|   2|0x0000000082000000, 0x0000000082100000, 0x0000000082100000|100%| O|  |TAMS 0x0000000082000000| PB 0x0000000082000000| Untracked 
|   3|0x0000000082100000, 0x0000000082200000, 0x0000000082200000|100%| O|  |TAMS 0x0000000082100000| PB 0x0000000082100000| Untracked 
|   4|0x0000000082200000, 0x0000000082300000, 0x0000000082300000|100%| O|  |TAMS 0x0000000082200000| PB 0x0000000082200000| Untracked 
|   5|0x0000000082300000, 0x00000000823ae200, 0x0000000082400000| 68%| O|  |TAMS 0x0000000082300000| PB 0x0000000082300000| Untracked 
|   6|0x0000000082400000, 0x0000000082400000, 0x0000000082500000|  0%| F|  |TAMS 0x0000000082400000| PB 0x0000000082400000| Untracked 
|   7|0x0000000082500000, 0x0000000082500000, 0x0000000082600000|  0%| F|  |TAMS 0x0000000082500000| PB 0x0000000082500000| Untracked 
|   8|0x0000000082600000, 0x0000000082600000, 0x0000000082700000|  0%| F|  |TAMS 0x0000000082600000| PB 0x0000000082600000| Untracked 
|   9|0x0000000082700000, 0x0000000082700000, 0x0000000082800000|  0%| F|  |TAMS 0x0000000082700000| PB 0x0000000082700000| Untracked 
|  10|0x0000000082800000, 0x0000000082800000, 0x0000000082900000|  0%| F|  |TAMS 0x0000000082800000| PB 0x0000000082800000| Untracked 
|  11|0x0000000082900000, 0x0000000082900000, 0x0000000082a00000|  0%| F|  |TAMS 0x0000000082900000| PB 0x0000000082900000| Untracked 
|  12|0x0000000082a00000, 0x0000000082a00000, 0x0000000082b00000|  0%| F|  |TAMS 0x0000000082a00000| PB 0x0000000082a00000| Untracked 
|  13|0x0000000082b00000, 0x0000000082b00000, 0x0000000082c00000|  0%| F|  |TAMS 0x0000000082b00000| PB 0x0000000082b00000| Untracked 
|  14|0x0000000082c00000, 0x0000000082c00000, 0x0000000082d00000|  0%| F|  |TAMS 0x0000000082c00000| PB 0x0000000082c00000| Untracked 
|  15|0x0000000082d00000, 0x0000000082d00000, 0x0000000082e00000|  0%| F|  |TAMS 0x0000000082d00000| PB 0x0000000082d00000| Untracked 
|  16|0x0000000082e00000, 0x0000000082e00000, 0x0000000082f00000|  0%| F|  |TAMS 0x0000000082e00000| PB 0x0000000082e00000| Untracked 
|  17|0x0000000082f00000, 0x0000000082f00000, 0x0000000083000000|  0%| F|  |TAMS 0x0000000082f00000| PB 0x0000000082f00000| Untracked 
|  18|0x0000000083000000, 0x0000000083000000, 0x0000000083100000|  0%| F|  |TAMS 0x0000000083000000| PB 0x0000000083000000| Untracked 
|  19|0x0000000083100000, 0x0000000083100000, 0x0000000083200000|  0%| F|  |TAMS 0x0000000083100000| PB 0x0000000083100000| Untracked 
|  20|0x0000000083200000, 0x0000000083200000, 0x0000000083300000|  0%| F|  |TAMS 0x0000000083200000| PB 0x0000000083200000| Untracked 
|  21|0x0000000083300000, 0x0000000083300000, 0x0000000083400000|  0%| F|  |TAMS 0x0000000083300000| PB 0x0000000083300000| Untracked 
|  22|0x0000000083400000, 0x0000000083400000, 0x0000000083500000|  0%| F|  |TAMS 0x0000000083400000| PB 0x0000000083400000| Untracked 
|  23|0x0000000083500000, 0x0000000083500000, 0x0000000083600000|  0%| F|  |TAMS 0x0000000083500000| PB 0x0000000083500000| Untracked 
|  24|0x0000000083600000, 0x0000000083600000, 0x0000000083700000|  0%| F|  |TAMS 0x0000000083600000| PB 0x0000000083600000| Untracked 
|  25|0x0000000083700000, 0x0000000083700000, 0x0000000083800000|  0%| F|  |TAMS 0x0000000083700000| PB 0x0000000083700000| Untracked 
|  26|0x0000000083800000, 0x0000000083800000, 0x0000000083900000|  0%| F|  |TAMS 0x0000000083800000| PB 0x0000000083800000| Untracked 
|  27|0x0000000083900000, 0x0000000083900000, 0x0000000083a00000|  0%| F|  |TAMS 0x0000000083900000| PB 0x0000000083900000| Untracked 
|  28|0x0000000083a00000, 0x0000000083a00000, 0x0000000083b00000|  0%| F|  |TAMS 0x0000000083a00000| PB 0x0000000083a00000| Untracked 
|  29|0x0000000083b00000, 0x0000000083b00000, 0x0000000083c00000|  0%| F|  |TAMS 0x0000000083b00000| PB 0x0000000083b00000| Untracked 
|  30|0x0000000083c00000, 0x0000000083c00000, 0x0000000083d00000|  0%| F|  |TAMS 0x0000000083c00000| PB 0x0000000083c00000| Untracked 
|  31|0x0000000083d00000, 0x0000000083d00000, 0x0000000083e00000|  0%| F|  |TAMS 0x0000000083d00000| PB 0x0000000083d00000| Untracked 
|  32|0x0000000083e00000, 0x0000000083e00000, 0x0000000083f00000|  0%| F|  |TAMS 0x0000000083e00000| PB 0x0000000083e00000| Untracked 
|  33|0x0000000083f00000, 0x0000000083f00000, 0x0000000084000000|  0%| F|  |TAMS 0x0000000083f00000| PB 0x0000000083f00000| Untracked 
|  34|0x0000000084000000, 0x0000000084000000, 0x0000000084100000|  0%| F|  |TAMS 0x0000000084000000| PB 0x0000000084000000| Untracked 
|  35|0x0000000084100000, 0x0000000084100000, 0x0000000084200000|  0%| F|  |TAMS 0x0000000084100000| PB 0x0000000084100000| Untracked 
|  36|0x0000000084200000, 0x0000000084200000, 0x0000000084300000|  0%| F|  |TAMS 0x0000000084200000| PB 0x0000000084200000| Untracked 
|  37|0x0000000084300000, 0x0000000084300000, 0x0000000084400000|  0%| F|  |TAMS 0x0000000084300000| PB 0x0000000084300000| Untracked 
|  38|0x0000000084400000, 0x0000000084400000, 0x0000000084500000|  0%| F|  |TAMS 0x0000000084400000| PB 0x0000000084400000| Untracked 
|  39|0x0000000084500000, 0x0000000084500000, 0x0000000084600000|  0%| F|  |TAMS 0x0000000084500000| PB 0x0000000084500000| Untracked 
|  40|0x0000000084600000, 0x0000000084600000, 0x0000000084700000|  0%| F|  |TAMS 0x0000000084600000| PB 0x0000000084600000| Untracked 
|  41|0x0000000084700000, 0x0000000084700000, 0x0000000084800000|  0%| F|  |TAMS 0x0000000084700000| PB 0x0000000084700000| Untracked 
|  42|0x0000000084800000, 0x0000000084800000, 0x0000000084900000|  0%| F|  |TAMS 0x0000000084800000| PB 0x0000000084800000| Untracked 
|  43|0x0000000084900000, 0x0000000084900000, 0x0000000084a00000|  0%| F|  |TAMS 0x0000000084900000| PB 0x0000000084900000| Untracked 
|  44|0x0000000084a00000, 0x0000000084a00000, 0x0000000084b00000|  0%| F|  |TAMS 0x0000000084a00000| PB 0x0000000084a00000| Untracked 
|  45|0x0000000084b00000, 0x0000000084b00000, 0x0000000084c00000|  0%| F|  |TAMS 0x0000000084b00000| PB 0x0000000084b00000| Untracked 
|  46|0x0000000084c00000, 0x0000000084c00000, 0x0000000084d00000|  0%| F|  |TAMS 0x0000000084c00000| PB 0x0000000084c00000| Untracked 
|  47|0x0000000084d00000, 0x0000000084d00000, 0x0000000084e00000|  0%| F|  |TAMS 0x0000000084d00000| PB 0x0000000084d00000| Untracked 
|  48|0x0000000084e00000, 0x0000000084e00000, 0x0000000084f00000|  0%| F|  |TAMS 0x0000000084e00000| PB 0x0000000084e00000| Untracked 
|  49|0x0000000084f00000, 0x0000000084f00000, 0x0000000085000000|  0%| F|  |TAMS 0x0000000084f00000| PB 0x0000000084f00000| Untracked 
|  50|0x0000000085000000, 0x0000000085000000, 0x0000000085100000|  0%| F|  |TAMS 0x0000000085000000| PB 0x0000000085000000| Untracked 
|  51|0x0000000085100000, 0x0000000085100000, 0x0000000085200000|  0%| F|  |TAMS 0x0000000085100000| PB 0x0000000085100000| Untracked 
|  52|0x0000000085200000, 0x0000000085200000, 0x0000000085300000|  0%| F|  |TAMS 0x0000000085200000| PB 0x0000000085200000| Untracked 
|  53|0x0000000085300000, 0x0000000085300000, 0x0000000085400000|  0%| F|  |TAMS 0x0000000085300000| PB 0x0000000085300000| Untracked 
|  54|0x0000000085400000, 0x0000000085400000, 0x0000000085500000|  0%| F|  |TAMS 0x0000000085400000| PB 0x0000000085400000| Untracked 
|  55|0x0000000085500000, 0x0000000085500000, 0x0000000085600000|  0%| F|  |TAMS 0x0000000085500000| PB 0x0000000085500000| Untracked 
|  56|0x0000000085600000, 0x0000000085600000, 0x0000000085700000|  0%| F|  |TAMS 0x0000000085600000| PB 0x0000000085600000| Untracked 
|  57|0x0000000085700000, 0x0000000085700000, 0x0000000085800000|  0%| F|  |TAMS 0x0000000085700000| PB 0x0000000085700000| Untracked 
|  58|0x0000000085800000, 0x0000000085800000, 0x0000000085900000|  0%| F|  |TAMS 0x0000000085800000| PB 0x0000000085800000| Untracked 
|  59|0x0000000085900000, 0x0000000085900000, 0x0000000085a00000|  0%| F|  |TAMS 0x0000000085900000| PB 0x0000000085900000| Untracked 
|  60|0x0000000085a00000, 0x0000000085a00000, 0x0000000085b00000|  0%| F|  |TAMS 0x0000000085a00000| PB 0x0000000085a00000| Untracked 
|  61|0x0000000085b00000, 0x0000000085b00000, 0x0000000085c00000|  0%| F|  |TAMS 0x0000000085b00000| PB 0x0000000085b00000| Untracked 
|  62|0x0000000085c00000, 0x0000000085c00000, 0x0000000085d00000|  0%| F|  |TAMS 0x0000000085c00000| PB 0x0000000085c00000| Untracked 
|  63|0x0000000085d00000, 0x0000000085d00000, 0x0000000085e00000|  0%| F|  |TAMS 0x0000000085d00000| PB 0x0000000085d00000| Untracked 
|  64|0x0000000085e00000, 0x0000000085e00000, 0x0000000085f00000|  0%| F|  |TAMS 0x0000000085e00000| PB 0x0000000085e00000| Untracked 
|  65|0x0000000085f00000, 0x0000000085f00000, 0x0000000086000000|  0%| F|  |TAMS 0x0000000085f00000| PB 0x0000000085f00000| Untracked 
|  66|0x0000000086000000, 0x0000000086000000, 0x0000000086100000|  0%| F|  |TAMS 0x0000000086000000| PB 0x0000000086000000| Untracked 
|  67|0x0000000086100000, 0x0000000086100000, 0x0000000086200000|  0%| F|  |TAMS 0x0000000086100000| PB 0x0000000086100000| Untracked 
|  68|0x0000000086200000, 0x0000000086200000, 0x0000000086300000|  0%| F|  |TAMS 0x0000000086200000| PB 0x0000000086200000| Untracked 
|  69|0x0000000086300000, 0x0000000086300000, 0x0000000086400000|  0%| F|  |TAMS 0x0000000086300000| PB 0x0000000086300000| Untracked 
|  70|0x0000000086400000, 0x0000000086400000, 0x0000000086500000|  0%| F|  |TAMS 0x0000000086400000| PB 0x0000000086400000| Untracked 
|  71|0x0000000086500000, 0x0000000086500000, 0x0000000086600000|  0%| F|  |TAMS 0x0000000086500000| PB 0x0000000086500000| Untracked 
|  72|0x0000000086600000, 0x0000000086600000, 0x0000000086700000|  0%| F|  |TAMS 0x0000000086600000| PB 0x0000000086600000| Untracked 
|  73|0x0000000086700000, 0x0000000086700000, 0x0000000086800000|  0%| F|  |TAMS 0x0000000086700000| PB 0x0000000086700000| Untracked 
|  74|0x0000000086800000, 0x0000000086800000, 0x0000000086900000|  0%| F|  |TAMS 0x0000000086800000| PB 0x0000000086800000| Untracked 
|  75|0x0000000086900000, 0x0000000086900000, 0x0000000086a00000|  0%| F|  |TAMS 0x0000000086900000| PB 0x0000000086900000| Untracked 
|  76|0x0000000086a00000, 0x0000000086a00000, 0x0000000086b00000|  0%| F|  |TAMS 0x0000000086a00000| PB 0x0000000086a00000| Untracked 
|  77|0x0000000086b00000, 0x0000000086b00000, 0x0000000086c00000|  0%| F|  |TAMS 0x0000000086b00000| PB 0x0000000086b00000| Untracked 
|  78|0x0000000086c00000, 0x0000000086c00000, 0x0000000086d00000|  0%| F|  |TAMS 0x0000000086c00000| PB 0x0000000086c00000| Untracked 
|  79|0x0000000086d00000, 0x0000000086d00000, 0x0000000086e00000|  0%| F|  |TAMS 0x0000000086d00000| PB 0x0000000086d00000| Untracked 
|  80|0x0000000086e00000, 0x0000000086e00000, 0x0000000086f00000|  0%| F|  |TAMS 0x0000000086e00000| PB 0x0000000086e00000| Untracked 
|  81|0x0000000086f00000, 0x0000000086f00000, 0x0000000087000000|  0%| F|  |TAMS 0x0000000086f00000| PB 0x0000000086f00000| Untracked 
|  82|0x0000000087000000, 0x0000000087000000, 0x0000000087100000|  0%| F|  |TAMS 0x0000000087000000| PB 0x0000000087000000| Untracked 
|  83|0x0000000087100000, 0x0000000087100000, 0x0000000087200000|  0%| F|  |TAMS 0x0000000087100000| PB 0x0000000087100000| Untracked 
|  84|0x0000000087200000, 0x0000000087200000, 0x0000000087300000|  0%| F|  |TAMS 0x0000000087200000| PB 0x0000000087200000| Untracked 
|  85|0x0000000087300000, 0x0000000087300000, 0x0000000087400000|  0%| F|  |TAMS 0x0000000087300000| PB 0x0000000087300000| Untracked 
|  86|0x0000000087400000, 0x0000000087400000, 0x0000000087500000|  0%| F|  |TAMS 0x0000000087400000| PB 0x0000000087400000| Untracked 
|  87|0x0000000087500000, 0x0000000087500000, 0x0000000087600000|  0%| F|  |TAMS 0x0000000087500000| PB 0x0000000087500000| Untracked 
|  88|0x0000000087600000, 0x0000000087600000, 0x0000000087700000|  0%| F|  |TAMS 0x0000000087600000| PB 0x0000000087600000| Untracked 
|  89|0x0000000087700000, 0x0000000087700000, 0x0000000087800000|  0%| F|  |TAMS 0x0000000087700000| PB 0x0000000087700000| Untracked 
|  90|0x0000000087800000, 0x0000000087800000, 0x0000000087900000|  0%| F|  |TAMS 0x0000000087800000| PB 0x0000000087800000| Untracked 
|  91|0x0000000087900000, 0x0000000087900000, 0x0000000087a00000|  0%| F|  |TAMS 0x0000000087900000| PB 0x0000000087900000| Untracked 
|  92|0x0000000087a00000, 0x0000000087a00000, 0x0000000087b00000|  0%| F|  |TAMS 0x0000000087a00000| PB 0x0000000087a00000| Untracked 
|  93|0x0000000087b00000, 0x0000000087b00000, 0x0000000087c00000|  0%| F|  |TAMS 0x0000000087b00000| PB 0x0000000087b00000| Untracked 
|  94|0x0000000087c00000, 0x0000000087c00000, 0x0000000087d00000|  0%| F|  |TAMS 0x0000000087c00000| PB 0x0000000087c00000| Untracked 
|  95|0x0000000087d00000, 0x0000000087d00000, 0x0000000087e00000|  0%| F|  |TAMS 0x0000000087d00000| PB 0x0000000087d00000| Untracked 
|  96|0x0000000087e00000, 0x0000000087e00000, 0x0000000087f00000|  0%| F|  |TAMS 0x0000000087e00000| PB 0x0000000087e00000| Untracked 
|  97|0x0000000087f00000, 0x0000000087f00000, 0x0000000088000000|  0%| F|  |TAMS 0x0000000087f00000| PB 0x0000000087f00000| Untracked 
|  98|0x0000000088000000, 0x0000000088000000, 0x0000000088100000|  0%| F|  |TAMS 0x0000000088000000| PB 0x0000000088000000| Untracked 
|  99|0x0000000088100000, 0x0000000088100000, 0x0000000088200000|  0%| F|  |TAMS 0x0000000088100000| PB 0x0000000088100000| Untracked 
| 100|0x0000000088200000, 0x0000000088200000, 0x0000000088300000|  0%| F|  |TAMS 0x0000000088200000| PB 0x0000000088200000| Untracked 
| 101|0x0000000088300000, 0x0000000088300000, 0x0000000088400000|  0%| F|  |TAMS 0x0000000088300000| PB 0x0000000088300000| Untracked 
| 102|0x0000000088400000, 0x0000000088400000, 0x0000000088500000|  0%| F|  |TAMS 0x0000000088400000| PB 0x0000000088400000| Untracked 
| 103|0x0000000088500000, 0x0000000088500000, 0x0000000088600000|  0%| F|  |TAMS 0x0000000088500000| PB 0x0000000088500000| Untracked 
| 104|0x0000000088600000, 0x0000000088600000, 0x0000000088700000|  0%| F|  |TAMS 0x0000000088600000| PB 0x0000000088600000| Untracked 
| 105|0x0000000088700000, 0x0000000088700000, 0x0000000088800000|  0%| F|  |TAMS 0x0000000088700000| PB 0x0000000088700000| Untracked 
| 106|0x0000000088800000, 0x0000000088800000, 0x0000000088900000|  0%| F|  |TAMS 0x0000000088800000| PB 0x0000000088800000| Untracked 
| 107|0x0000000088900000, 0x0000000088900000, 0x0000000088a00000|  0%| F|  |TAMS 0x0000000088900000| PB 0x0000000088900000| Untracked 
| 108|0x0000000088a00000, 0x0000000088a00000, 0x0000000088b00000|  0%| F|  |TAMS 0x0000000088a00000| PB 0x0000000088a00000| Untracked 
| 109|0x0000000088b00000, 0x0000000088b00000, 0x0000000088c00000|  0%| F|  |TAMS 0x0000000088b00000| PB 0x0000000088b00000| Untracked 
| 110|0x0000000088c00000, 0x0000000088c00000, 0x0000000088d00000|  0%| F|  |TAMS 0x0000000088c00000| PB 0x0000000088c00000| Untracked 
| 111|0x0000000088d00000, 0x0000000088d67f00, 0x0000000088e00000| 40%| S|CS|TAMS 0x0000000088d00000| PB 0x0000000088d00000| Complete 
| 112|0x0000000088e00000, 0x0000000088f00000, 0x0000000088f00000|100%| S|CS|TAMS 0x0000000088e00000| PB 0x0000000088e00000| Complete 
| 113|0x0000000088f00000, 0x0000000088f00000, 0x0000000089000000|  0%| F|  |TAMS 0x0000000088f00000| PB 0x0000000088f00000| Untracked 
| 114|0x0000000089000000, 0x0000000089000000, 0x0000000089100000|  0%| F|  |TAMS 0x0000000089000000| PB 0x0000000089000000| Untracked 
| 115|0x0000000089100000, 0x0000000089100000, 0x0000000089200000|  0%| F|  |TAMS 0x0000000089100000| PB 0x0000000089100000| Untracked 
| 116|0x0000000089200000, 0x0000000089200000, 0x0000000089300000|  0%| F|  |TAMS 0x0000000089200000| PB 0x0000000089200000| Untracked 
| 117|0x0000000089300000, 0x0000000089300000, 0x0000000089400000|  0%| F|  |TAMS 0x0000000089300000| PB 0x0000000089300000| Untracked 
| 118|0x0000000089400000, 0x0000000089400000, 0x0000000089500000|  0%| F|  |TAMS 0x0000000089400000| PB 0x0000000089400000| Untracked 
| 119|0x0000000089500000, 0x0000000089500000, 0x0000000089600000|  0%| F|  |TAMS 0x0000000089500000| PB 0x0000000089500000| Untracked 
| 120|0x0000000089600000, 0x0000000089600000, 0x0000000089700000|  0%| F|  |TAMS 0x0000000089600000| PB 0x0000000089600000| Untracked 
| 121|0x0000000089700000, 0x0000000089700000, 0x0000000089800000|  0%| F|  |TAMS 0x0000000089700000| PB 0x0000000089700000| Untracked 
| 122|0x0000000089800000, 0x0000000089800000, 0x0000000089900000|  0%| F|  |TAMS 0x0000000089800000| PB 0x0000000089800000| Untracked 
| 123|0x0000000089900000, 0x0000000089900000, 0x0000000089a00000|  0%| F|  |TAMS 0x0000000089900000| PB 0x0000000089900000| Untracked 
| 124|0x0000000089a00000, 0x0000000089a00000, 0x0000000089b00000|  0%| F|  |TAMS 0x0000000089a00000| PB 0x0000000089a00000| Untracked 
| 125|0x0000000089b00000, 0x0000000089b00000, 0x0000000089c00000|  0%| F|  |TAMS 0x0000000089b00000| PB 0x0000000089b00000| Untracked 
| 126|0x0000000089c00000, 0x0000000089c00000, 0x0000000089d00000|  0%| F|  |TAMS 0x0000000089c00000| PB 0x0000000089c00000| Untracked 
| 127|0x0000000089d00000, 0x0000000089dfd1c8, 0x0000000089e00000| 98%| E|  |TAMS 0x0000000089d00000| PB 0x0000000089d00000| Complete 

Card table byte_map: [0x0000016367000000,0x0000016367400000] _byte_map_base: 0x0000016366bf1000

Marking Bits: (CMBitMap*) 0x000001634fb8dfe0
 Bits: [0x0000016367800000, 0x0000016369788000)

Polling page: 0x000001634d970000

Metaspace:

Usage:
  Non-class:      5.79 MB used.
      Class:    827.87 KB used.
       Both:      6.60 MB used.

Virtual space:
  Non-class space:       64.00 MB reserved,       5.88 MB (  9%) committed,  1 nodes.
      Class space:        1.00 GB reserved,     960.00 KB ( <1%) committed,  1 nodes.
             Both:        1.06 GB reserved,       6.81 MB ( <1%) committed. 

Chunk freelists:
   Non-Class:  1.03 MB
       Class:  2.92 MB
        Both:  3.95 MB

MaxMetaspaceSize: unlimited
CompressedClassSpaceSize: 1.00 GB
Initial GC threshold: 21.00 MB
Current GC threshold: 21.00 MB
CDS: on
MetaspaceReclaimPolicy: balanced
 - commit_granule_bytes: 65536.
 - commit_granule_words: 8192.
 - virtual_space_node_default_size: 8388608.
 - enlarge_chunks_in_place: 1.
 - new_chunks_are_fully_committed: 0.
 - uncommit_free_chunks: 1.
 - use_allocation_guard: 0.


Internal statistics:

num_allocs_failed_limit: 0.
num_arena_births: 134.
num_arena_deaths: 0.
num_vsnodes_births: 2.
num_vsnodes_deaths: 0.
num_space_committed: 109.
num_space_uncommitted: 0.
num_chunks_returned_to_freelist: 0.
num_chunks_taken_from_freelist: 353.
num_chunk_merges: 0.
num_chunk_splits: 204.
num_chunks_enlarged: 137.
num_inconsistent_stats: 0.

CodeHeap 'non-profiled nmethods': size=120000Kb used=449Kb max_used=449Kb free=119550Kb
 bounds [0x000001635f6d0000, 0x000001635f940000, 0x0000016366c00000]
CodeHeap 'profiled nmethods': size=120000Kb used=2428Kb max_used=2428Kb free=117571Kb
 bounds [0x0000016357c00000, 0x0000016357e70000, 0x000001635f130000]
CodeHeap 'non-nmethods': size=5760Kb used=1411Kb max_used=1430Kb free=4348Kb
 bounds [0x000001635f130000, 0x000001635f3a0000, 0x000001635f6d0000]
 total_blobs=1789 nmethods=1333 adapters=367
 compilation: enabled
              stopped_count=0, restarted_count=0
 full_count=0

Compilation events (20 events):
Event: 1.403 Thread 0x000001636bc7bc00 1324       3       java.util.concurrent.ConcurrentHashMap::remove (8 bytes)
Event: 1.404 Thread 0x000001636bc7bc00 nmethod 1324 0x0000016357e5a710 code [0x0000016357e5a8a0, 0x0000016357e5a9e8]
Event: 1.404 Thread 0x000001636bc7bc00 1325       3       java.lang.reflect.Modifier::isPrivate (12 bytes)
Event: 1.404 Thread 0x000001636bc7bc00 nmethod 1325 0x0000016357e5aa90 code [0x0000016357e5ac20, 0x0000016357e5ad70]
Event: 1.406 Thread 0x000001636bc7bc00 1328       3       java.lang.invoke.MethodHandle::getApproximateCommonClassLoader (58 bytes)
Event: 1.408 Thread 0x000001636bc7bc00 nmethod 1328 0x0000016357e5ae10 code [0x0000016357e5b060, 0x0000016357e5bbe8]
Event: 1.408 Thread 0x000001636bc7bc00 1329       3       java.lang.invoke.MethodHandle::keepsAlive (49 bytes)
Event: 1.410 Thread 0x000001636bc7bc00 nmethod 1329 0x0000016357e5c010 code [0x0000016357e5c260, 0x0000016357e5cde0]
Event: 1.410 Thread 0x000001636bc7bc00 1327       3       java.lang.invoke.MethodHandle::asTypeCached (52 bytes)
Event: 1.410 Thread 0x000001636bc7bc00 nmethod 1327 0x0000016357e5d210 code [0x0000016357e5d3c0, 0x0000016357e5d818]
Event: 1.415 Thread 0x000001636bc7a270 nmethod 1322 0x000001635f73ed90 code [0x000001635f73ef40, 0x000001635f73fa40]
Event: 1.415 Thread 0x000001636bc7a270 1326       4       java.lang.StringConcatHelper::prepend (37 bytes)
Event: 1.416 Thread 0x000001636bc7bc00 1330       3       java.lang.invoke.LambdaFormEditor$Transform::equals (32 bytes)
Event: 1.416 Thread 0x000001636bc7bc00 nmethod 1330 0x0000016357e5d990 code [0x0000016357e5db20, 0x0000016357e5dcf8]
Event: 1.416 Thread 0x000001636bc7a270 nmethod 1326 0x000001635f73ff10 code [0x000001635f740080, 0x000001635f740218]
Event: 1.420 Thread 0x000001636bc7bc00 1331       3       java.util.concurrent.locks.ReentrantLock::<init> (16 bytes)
Event: 1.420 Thread 0x000001636bc7bc00 nmethod 1331 0x0000016357e5de10 code [0x0000016357e5dfc0, 0x0000016357e5e3c0]
Event: 1.423 Thread 0x000001636bc7bc00 1334       3       java.lang.invoke.MethodHandleImpl::computeValueConversions (121 bytes)
Event: 1.424 Thread 0x000001636bc7bc00 nmethod 1334 0x0000016357e5e590 code [0x0000016357e5e7a0, 0x0000016357e5efb0]
Event: 1.424 Thread 0x000001636bc7bc00 1333       3       java.lang.invoke.MethodHandleImpl::makePairwiseConvertByEditor (617 bytes)

GC Heap History (4 events):
Event: 0.754 GC heap before
{Heap before GC invocations=0 (full 0):
 garbage-first heap   total 131072K, used 13312K [0x0000000081e00000, 0x0000000100000000)
  region size 1024K, 13 young (13312K), 0 survivors (0K)
 Metaspace       used 2666K, committed 2816K, reserved 1114112K
  class space    used 290K, committed 384K, reserved 1048576K
}
Event: 0.760 GC heap after
{Heap after GC invocations=1 (full 0):
 garbage-first heap   total 131072K, used 5877K [0x0000000081e00000, 0x0000000100000000)
  region size 1024K, 2 young (2048K), 2 survivors (2048K)
 Metaspace       used 2666K, committed 2816K, reserved 1114112K
  class space    used 290K, committed 384K, reserved 1048576K
}
Event: 1.391 GC heap before
{Heap before GC invocations=1 (full 0):
 garbage-first heap   total 131072K, used 19189K [0x0000000081e00000, 0x0000000100000000)
  region size 1024K, 15 young (15360K), 2 survivors (2048K)
 Metaspace       used 6515K, committed 6720K, reserved 1114112K
  class space    used 801K, committed 896K, reserved 1048576K
}
Event: 1.396 GC heap after
{Heap after GC invocations=2 (full 0):
 garbage-first heap   total 131072K, used 7256K [0x0000000081e00000, 0x0000000100000000)
  region size 1024K, 2 young (2048K), 2 survivors (2048K)
 Metaspace       used 6515K, committed 6720K, reserved 1114112K
  class space    used 801K, committed 896K, reserved 1048576K
}

Dll operation events (7 events):
Event: 0.028 Loaded shared library C:\Program Files\Java\jdk-20\bin\java.dll
Event: 0.059 Loaded shared library C:\Program Files\Java\jdk-20\bin\jsvml.dll
Event: 0.173 Loaded shared library C:\Program Files\Java\jdk-20\bin\net.dll
Event: 0.175 Loaded shared library C:\Program Files\Java\jdk-20\bin\nio.dll
Event: 0.179 Loaded shared library C:\Program Files\Java\jdk-20\bin\zip.dll
Event: 0.394 Loaded shared library C:\Program Files\Java\jdk-20\bin\jimage.dll
Event: 0.535 Loaded shared library C:\Program Files\Java\jdk-20\bin\extnet.dll

Deoptimization events (20 events):
Event: 0.930 Thread 0x000001634fb2dbc0 Uncommon trap: trap_request=0xffffffde fr.pc=0x000001635f722330 relative=0x0000000000000130
Event: 0.930 Thread 0x000001634fb2dbc0 Uncommon trap: reason=class_check action=maybe_recompile pc=0x000001635f722330 method=jdk.internal.misc.Unsafe.allocateUninitializedArray(Ljava/lang/Class;I)Ljava/lang/Object; @ 51 c2
Event: 0.930 Thread 0x000001634fb2dbc0 DEOPT PACKING pc=0x000001635f722330 sp=0x00000003d03fc2d0
Event: 0.930 Thread 0x000001634fb2dbc0 DEOPT UNPACKING pc=0x000001635f199d22 sp=0x00000003d03fc248 mode 2
Event: 1.011 Thread 0x000001634fb2dbc0 DEOPT PACKING pc=0x0000016357c7d511 sp=0x00000003d03fc040
Event: 1.011 Thread 0x000001634fb2dbc0 DEOPT UNPACKING pc=0x000001635f19a4c2 sp=0x00000003d03fb548 mode 0
Event: 1.125 Thread 0x000001634fb2dbc0 Uncommon trap: trap_request=0xffffff45 fr.pc=0x000001635f727fb8 relative=0x0000000000000098
Event: 1.125 Thread 0x000001634fb2dbc0 Uncommon trap: reason=unstable_if action=reinterpret pc=0x000001635f727fb8 method=sun.net.www.ParseUtil.firstEncodeIndex(Ljava/lang/String;)I @ 51 c2
Event: 1.125 Thread 0x000001634fb2dbc0 DEOPT PACKING pc=0x000001635f727fb8 sp=0x00000003d03fb560
Event: 1.125 Thread 0x000001634fb2dbc0 DEOPT UNPACKING pc=0x000001635f199d22 sp=0x00000003d03fb4e8 mode 2
Event: 1.213 Thread 0x000001634fb2dbc0 DEOPT PACKING pc=0x0000016357def811 sp=0x00000003d03f69d0
Event: 1.213 Thread 0x000001634fb2dbc0 DEOPT UNPACKING pc=0x000001635f19a4c2 sp=0x00000003d03f5ed8 mode 0
Event: 1.297 Thread 0x000001634fb2dbc0 DEOPT PACKING pc=0x0000016357def811 sp=0x00000003d03fa370
Event: 1.297 Thread 0x000001634fb2dbc0 DEOPT UNPACKING pc=0x000001635f19a4c2 sp=0x00000003d03f9878 mode 0
Event: 1.373 Thread 0x000001634fb2dbc0 DEOPT PACKING pc=0x0000016357def811 sp=0x00000003d03fb770
Event: 1.373 Thread 0x000001634fb2dbc0 DEOPT UNPACKING pc=0x000001635f19a4c2 sp=0x00000003d03fac78 mode 0
Event: 1.396 Thread 0x000001636bc5de40 Uncommon trap: trap_request=0xffffff45 fr.pc=0x000001635f72d36c relative=0x000000000000016c
Event: 1.396 Thread 0x000001636bc5de40 Uncommon trap: reason=unstable_if action=reinterpret pc=0x000001635f72d36c method=java.util.concurrent.locks.ReentrantLock$NonfairSync.initialTryLock()Z @ 10 c2
Event: 1.396 Thread 0x000001636bc5de40 DEOPT PACKING pc=0x000001635f72d36c sp=0x00000003d0aff3f0
Event: 1.396 Thread 0x000001636bc5de40 DEOPT UNPACKING pc=0x000001635f199d22 sp=0x00000003d0aff398 mode 2

Classes loaded (20 events):
Event: 1.384 Loading class java/util/ImmutableCollections$Access$1
Event: 1.384 Loading class jdk/internal/access/JavaUtilCollectionAccess
Event: 1.384 Loading class jdk/internal/access/JavaUtilCollectionAccess done
Event: 1.384 Loading class java/util/ImmutableCollections$Access$1 done
Event: 1.384 Loading class java/util/stream/Nodes$SpinedNodeBuilder
Event: 1.384 Loading class java/util/stream/Nodes$SpinedNodeBuilder done
Event: 1.411 Loading class java/util/concurrent/atomic/AtomicLongArray
Event: 1.412 Loading class java/util/concurrent/atomic/AtomicLongArray done
Event: 1.412 Loading class java/lang/invoke/VarHandleLongs$Array
Event: 1.412 Loading class java/lang/invoke/VarHandleLongs$Array done
Event: 1.413 Loading class java/util/concurrent/atomic/AtomicReferenceArray
Event: 1.413 Loading class java/util/concurrent/atomic/AtomicReferenceArray done
Event: 1.413 Loading class java/lang/invoke/VarHandleReferences$Array
Event: 1.413 Loading class java/lang/invoke/VarHandleReferences$Array done
Event: 1.414 Loading class java/util/concurrent/ConcurrentLinkedQueue
Event: 1.415 Loading class java/util/concurrent/ConcurrentLinkedQueue done
Event: 1.415 Loading class java/util/concurrent/ConcurrentLinkedQueue$Node
Event: 1.415 Loading class java/util/concurrent/ConcurrentLinkedQueue$Node done
Event: 1.418 Loading class java/util/NoSuchElementException
Event: 1.418 Loading class java/util/NoSuchElementException done

Classes unloaded (0 events):
No events

Classes redefined (0 events):
No events

Internal exceptions (20 events):
Event: 0.836 Thread 0x000001634fb2dbc0 Exception <a 'java/lang/NoSuchMethodError'{0x0000000089b148e0}: 'java.lang.Object java.lang.invoke.DirectMethodHandle$Holder.invokeInterface(java.lang.Object, java.lang.Object, java.lang.Object)'> (0x0000000089b148e0) 
thrown [s\open\src\hotspot\share\interpreter\linkResolver.cpp, line 773]
Event: 0.853 Thread 0x000001634fb2dbc0 Exception <a 'java/lang/NoSuchMethodError'{0x0000000089b67950}: 'void java.lang.invoke.DirectMethodHandle$Holder.invokeInterface(java.lang.Object, java.lang.Object, java.lang.Object)'> (0x0000000089b67950) 
thrown [s\open\src\hotspot\share\interpreter\linkResolver.cpp, line 773]
Event: 0.864 Thread 0x000001634fb2dbc0 Exception <a 'java/lang/NoSuchMethodError'{0x0000000089bb1ab8}: 'java.lang.Object java.lang.invoke.DirectMethodHandle$Holder.newInvokeSpecial(java.lang.Object, java.lang.Object, java.lang.Object, java.lang.Object, java.lang.Object, java.lang.Object)'> (0x0000000089bb1ab8) 
thrown [s\open\src\hotspot\share\interpreter\linkResolver.cpp, line 773]
Event: 0.875 Thread 0x000001634fb2dbc0 Exception <a 'java/lang/NoSuchMethodError'{0x0000000089bf7208}: 'void java.lang.invoke.DirectMethodHandle$Holder.invokeInterface(java.lang.Object, java.lang.Object, java.lang.Object, java.lang.Object, java.lang.Object)'> (0x0000000089bf7208) 
thrown [s\open\src\hotspot\share\interpreter\linkResolver.cpp, line 773]
Event: 0.876 Thread 0x000001634fb2dbc0 Exception <a 'java/lang/IncompatibleClassChangeError'{0x0000000089bfaea8}: Found class java.lang.Object, but interface was expected> (0x0000000089bfaea8) 
thrown [s\open\src\hotspot\share\interpreter\linkResolver.cpp, line 840]
Event: 0.886 Thread 0x000001634fb2dbc0 Exception <a 'java/lang/IncompatibleClassChangeError'{0x0000000089a28938}: Found class java.lang.Object, but interface was expected> (0x0000000089a28938) 
thrown [s\open\src\hotspot\share\interpreter\linkResolver.cpp, line 840]
Event: 0.893 Thread 0x000001634fb2dbc0 Exception <a 'java/lang/NoSuchMethodError'{0x0000000089a45dc0}: 'java.lang.Object java.lang.invoke.DirectMethodHandle$Holder.invokeStatic(java.lang.Object, java.lang.Object, int)'> (0x0000000089a45dc0) 
thrown [s\open\src\hotspot\share\interpreter\linkResolver.cpp, line 773]
Event: 0.908 Thread 0x000001634fb2dbc0 Exception <a 'java/lang/NoSuchMethodError'{0x0000000089a99fd0}: 'void java.lang.invoke.DirectMethodHandle$Holder.invokeSpecial(java.lang.Object, java.lang.Object, java.lang.Object, java.lang.Object, java.lang.Object)'> (0x0000000089a99fd0) 
thrown [s\open\src\hotspot\share\interpreter\linkResolver.cpp, line 773]
Event: 0.925 Thread 0x000001634fb2dbc0 Exception <a 'java/lang/NoSuchMethodError'{0x0000000089af6600}: 'long java.lang.invoke.DirectMethodHandle$Holder.invokeSpecial(java.lang.Object, java.lang.Object)'> (0x0000000089af6600) 
thrown [s\open\src\hotspot\share\interpreter\linkResolver.cpp, line 773]
Event: 0.926 Thread 0x000001634fb2dbc0 Exception <a 'java/lang/NoSuchMethodError'{0x0000000089af9b30}: 'long java.lang.invoke.Invokers$Holder.invokeExact_MT(java.lang.Object, java.lang.Object)'> (0x0000000089af9b30) 
thrown [s\open\src\hotspot\share\interpreter\linkResolver.cpp, line 773]
Event: 0.951 Thread 0x000001634fb2dbc0 Exception <a 'java/lang/NoSuchMethodError'{0x0000000089960e58}: 'void java.lang.invoke.DirectMethodHandle$Holder.invokeInterface(java.lang.Object, java.lang.Object, java.lang.Object, java.lang.Object)'> (0x0000000089960e58) 
thrown [s\open\src\hotspot\share\interpreter\linkResolver.cpp, line 773]
Event: 0.952 Thread 0x000001634fb2dbc0 Exception <a 'java/lang/IncompatibleClassChangeError'{0x00000000899644a0}: Found class java.lang.Object, but interface was expected> (0x00000000899644a0) 
thrown [s\open\src\hotspot\share\interpreter\linkResolver.cpp, line 840]
Event: 0.959 Thread 0x000001634fb2dbc0 Exception <a 'java/lang/NoSuchMethodError'{0x000000008998f788}: 'void java.lang.invoke.DirectMethodHandle$Holder.invokeStatic(java.lang.Object, java.lang.Object, java.lang.Object, java.lang.Object)'> (0x000000008998f788) 
thrown [s\open\src\hotspot\share\interpreter\linkResolver.cpp, line 773]
Event: 0.975 Thread 0x000001634fb2dbc0 Exception <a 'java/lang/NoSuchMethodError'{0x00000000899f3850}: 'int java.lang.invoke.DirectMethodHandle$Holder.invokeStatic(java.lang.Object, java.lang.Object, java.lang.Object, java.lang.Object)'> (0x00000000899f3850) 
thrown [s\open\src\hotspot\share\interpreter\linkResolver.cpp, line 773]
Event: 0.976 Thread 0x000001634fb2dbc0 Exception <a 'java/lang/NoSuchMethodError'{0x00000000899f6ed0}: 'java.lang.Object java.lang.invoke.Invokers$Holder.invokeExact_MT(java.lang.Object, java.lang.Object, java.lang.Object, java.lang.Object, java.lang.Object, java.lang.Object)'> (0x00000000899f6ed0) 
thrown [s\open\src\hotspot\share\interpreter\linkResolver.cpp, line 773]
Event: 0.978 Thread 0x000001634fb2dbc0 Exception <a 'java/lang/NoSuchMethodError'{0x0000000089805fd8}: 'int java.lang.invoke.DirectMethodHandle$Holder.invokeStatic(java.lang.Object, java.lang.Object, java.lang.Object, java.lang.Object, java.lang.Object)'> (0x0000000089805fd8) 
thrown [s\open\src\hotspot\share\interpreter\linkResolver.cpp, line 773]
Event: 0.989 Thread 0x000001634fb2dbc0 Exception <a 'java/lang/NoSuchMethodError'{0x0000000089853e70}: 'void java.lang.invoke.DirectMethodHandle$Holder.invokeStaticInit(java.lang.Object)'> (0x0000000089853e70) 
thrown [s\open\src\hotspot\share\interpreter\linkResolver.cpp, line 773]
Event: 1.030 Thread 0x000001634fb2dbc0 Exception <a 'java/lang/NoSuchMethodError'{0x00000000897633b0}: 'int java.lang.invoke.DirectMethodHandle$Holder.invokeStaticInit(java.lang.Object, java.lang.Object)'> (0x00000000897633b0) 
thrown [s\open\src\hotspot\share\interpreter\linkResolver.cpp, line 773]
Event: 1.183 Thread 0x000001634fb2dbc0 Exception <a 'java/lang/ClassNotFoundException'{0x00000000894b0c48}: javax/smartcardio/CardPermission> (0x00000000894b0c48) 
thrown [s\open\src\hotspot\share\classfile\systemDictionary.cpp, line 305]
Event: 1.187 Thread 0x000001634fb2dbc0 Exception <a 'java/io/FileNotFoundException'{0x00000000894bf970}> (0x00000000894bf970) 
thrown [s\open\src\hotspot\share\prims\jni.cpp, line 519]

VM Operations (20 events):
Event: 0.416 Executing VM operation: HandshakeAllThreads
Event: 0.416 Executing VM operation: HandshakeAllThreads done
Event: 0.517 Executing VM operation: HandshakeAllThreads
Event: 0.517 Executing VM operation: HandshakeAllThreads done
Event: 0.754 Executing VM operation: G1CollectForAllocation
Event: 0.760 Executing VM operation: G1CollectForAllocation done
Event: 0.924 Executing VM operation: HandshakeAllThreads
Event: 0.924 Executing VM operation: HandshakeAllThreads done
Event: 0.944 Executing VM operation: HandshakeAllThreads
Event: 0.944 Executing VM operation: HandshakeAllThreads done
Event: 0.980 Executing VM operation: HandshakeAllThreads
Event: 0.980 Executing VM operation: HandshakeAllThreads done
Event: 1.240 Executing VM operation: HandshakeAllThreads
Event: 1.240 Executing VM operation: HandshakeAllThreads done
Event: 1.264 Executing VM operation: HandshakeAllThreads
Event: 1.264 Executing VM operation: HandshakeAllThreads done
Event: 1.344 Executing VM operation: HandshakeAllThreads
Event: 1.344 Executing VM operation: HandshakeAllThreads done
Event: 1.390 Executing VM operation: G1CollectForAllocation
Event: 1.396 Executing VM operation: G1CollectForAllocation done

Events (12 events):
Event: 0.059 Thread 0x000001634fb2dbc0 Thread added: 0x000001634fb2dbc0
Event: 0.080 Thread 0x000001636bc5de40 Thread added: 0x000001636bc5de40
Event: 0.080 Thread 0x000001636bc5f480 Thread added: 0x000001636bc5f480
Event: 0.081 Thread 0x000001636bc63f50 Thread added: 0x000001636bc63f50
Event: 0.081 Thread 0x000001636bc681f0 Thread added: 0x000001636bc681f0
Event: 0.081 Thread 0x000001636bc69470 Thread added: 0x000001636bc69470
Event: 0.081 Thread 0x000001636bc72ca0 Thread added: 0x000001636bc72ca0
Event: 0.082 Thread 0x000001636bc7a270 Thread added: 0x000001636bc7a270
Event: 0.082 Thread 0x000001636bc7bc00 Thread added: 0x000001636bc7bc00
Event: 0.162 Thread 0x00000163700f9010 Thread added: 0x00000163700f9010
Event: 0.169 Thread 0x00000163700fa000 Thread added: 0x00000163700fa000
Event: 0.545 Thread 0x00000163700faff0 Thread added: 0x00000163700faff0


Dynamic libraries:
0x00007ff6938b0000 - 0x00007ff6938c0000 	C:\Program Files\Java\jdk-20\bin\javaw.exe
0x00007ffcda850000 - 0x00007ffcdaa48000 	C:\WINDOWS\SYSTEM32\ntdll.dll
0x00007ffcda440000 - 0x00007ffcda4fd000 	C:\WINDOWS\System32\KERNEL32.DLL
0x00007ffcd8450000 - 0x00007ffcd8746000 	C:\WINDOWS\System32\KERNELBASE.dll
0x00007ffcd8220000 - 0x00007ffcd8320000 	C:\WINDOWS\System32\ucrtbase.dll
0x00007ffcd29c0000 - 0x00007ffcd29d9000 	C:\Program Files\Java\jdk-20\bin\jli.dll
0x00007ffcd9940000 - 0x00007ffcd99ee000 	C:\WINDOWS\System32\ADVAPI32.dll
0x00007ffcda500000 - 0x00007ffcda59e000 	C:\WINDOWS\System32\msvcrt.dll
0x00007ffcd89c0000 - 0x00007ffcd8a5c000 	C:\WINDOWS\System32\sechost.dll
0x00007ffcd9ca0000 - 0x00007ffcd9dc6000 	C:\WINDOWS\System32\RPCRT4.dll
0x00007ffcda5a0000 - 0x00007ffcda73e000 	C:\WINDOWS\System32\USER32.dll
0x00007ffcd7fd0000 - 0x00007ffcd7ff2000 	C:\WINDOWS\System32\win32u.dll
0x00007ffcda190000 - 0x00007ffcda1bc000 	C:\WINDOWS\System32\GDI32.dll
0x00007ffcd8000000 - 0x00007ffcd811a000 	C:\WINDOWS\System32\gdi32full.dll
0x00007ffcd7f30000 - 0x00007ffcd7fcd000 	C:\WINDOWS\System32\msvcp_win.dll
0x00007ffcc7b00000 - 0x00007ffcc7d9a000 	C:\WINDOWS\WinSxS\amd64_microsoft.windows.common-controls_6595b64144ccf1df_6.0.19041.1110_none_60b5254171f9507e\COMCTL32.dll
0x00007ffcd18c0000 - 0x00007ffcd18ca000 	C:\WINDOWS\SYSTEM32\VERSION.dll
0x00007ffcd39f0000 - 0x00007ffcd3a0b000 	C:\Program Files\Java\jdk-20\bin\VCRUNTIME140.dll
0x00007ffcd97f0000 - 0x00007ffcd9820000 	C:\WINDOWS\System32\IMM32.DLL
0x00007ffcd3cf0000 - 0x00007ffcd3cfc000 	C:\Program Files\Java\jdk-20\bin\vcruntime140_1.dll
0x00007ffcb8440000 - 0x00007ffcb84ce000 	C:\Program Files\Java\jdk-20\bin\msvcp140.dll
0x00007ffc8c430000 - 0x00007ffc8d0c8000 	C:\Program Files\Java\jdk-20\bin\server\jvm.dll
0x00007ffcc7550000 - 0x00007ffcc7559000 	C:\WINDOWS\SYSTEM32\WSOCK32.dll
0x00007ffcc6fc0000 - 0x00007ffcc6fe7000 	C:\WINDOWS\SYSTEM32\WINMM.dll
0x00007ffcd98d0000 - 0x00007ffcd993b000 	C:\WINDOWS\System32\WS2_32.dll
0x00007ffcd5da0000 - 0x00007ffcd5db2000 	C:\WINDOWS\SYSTEM32\kernel.appcore.dll
0x00007ffcd37b0000 - 0x00007ffcd37ba000 	C:\Program Files\Java\jdk-20\bin\jimage.dll
0x00007ffcc32d0000 - 0x00007ffcc34b4000 	C:\WINDOWS\SYSTEM32\DBGHELP.DLL
0x00007ffcc7230000 - 0x00007ffcc7264000 	C:\WINDOWS\SYSTEM32\dbgcore.DLL
0x00007ffcd8120000 - 0x00007ffcd81a2000 	C:\WINDOWS\System32\bcryptPrimitives.dll
0x00007ffcd2970000 - 0x00007ffcd2996000 	C:\Program Files\Java\jdk-20\bin\java.dll
0x00007ffc9d380000 - 0x00007ffc9d457000 	C:\Program Files\Java\jdk-20\bin\jsvml.dll
0x00007ffcd8c20000 - 0x00007ffcd9365000 	C:\WINDOWS\System32\SHELL32.dll
0x00007ffcd5fa0000 - 0x00007ffcd673b000 	C:\WINDOWS\SYSTEM32\windows.storage.dll
0x00007ffcd9dd0000 - 0x00007ffcda124000 	C:\WINDOWS\System32\combase.dll
0x00007ffcd77c0000 - 0x00007ffcd77ee000 	C:\WINDOWS\SYSTEM32\Wldp.dll
0x00007ffcd9820000 - 0x00007ffcd98cd000 	C:\WINDOWS\System32\SHCORE.dll
0x00007ffcd88b0000 - 0x00007ffcd8905000 	C:\WINDOWS\System32\shlwapi.dll
0x00007ffcd7e60000 - 0x00007ffcd7e85000 	C:\WINDOWS\SYSTEM32\profapi.dll
0x00007ffcd0890000 - 0x00007ffcd08a3000 	C:\Program Files\Java\jdk-20\bin\net.dll
0x00007ffccf6e0000 - 0x00007ffccf7ea000 	C:\WINDOWS\SYSTEM32\WINHTTP.dll
0x00007ffcd75a0000 - 0x00007ffcd760a000 	C:\WINDOWS\system32\mswsock.dll
0x00007ffccf400000 - 0x00007ffccf416000 	C:\Program Files\Java\jdk-20\bin\nio.dll
0x00007ffcb9eb0000 - 0x00007ffcb9ec8000 	C:\Program Files\Java\jdk-20\bin\zip.dll
0x00007ffcd72b0000 - 0x00007ffcd72eb000 	C:\WINDOWS\SYSTEM32\IPHLPAPI.DLL
0x00007ffcd9c90000 - 0x00007ffcd9c98000 	C:\WINDOWS\System32\NSI.dll
0x00007ffcd10e0000 - 0x00007ffcd10f7000 	C:\WINDOWS\SYSTEM32\dhcpcsvc6.DLL
0x00007ffcd10c0000 - 0x00007ffcd10dd000 	C:\WINDOWS\SYSTEM32\dhcpcsvc.DLL
0x00007ffcd72f0000 - 0x00007ffcd73ba000 	C:\WINDOWS\SYSTEM32\DNSAPI.dll
0x00007ffcc30d0000 - 0x00007ffcc30d7000 	C:\Program Files\Java\jdk-20\bin\extnet.dll

dbghelp: loaded successfully - version: 4.0.5 - missing functions: none
symbol engine: initialized successfully - sym options: 0x614 - pdb path: .;C:\Program Files\Java\jdk-20\bin;C:\WINDOWS\SYSTEM32;C:\WINDOWS\WinSxS\amd64_microsoft.windows.common-controls_6595b64144ccf1df_6.0.19041.1110_none_60b5254171f9507e;C:\Program Files\Java\jdk-20\bin\server

VM Arguments:
jvm_args: -ea -Dfile.encoding=UTF-8 -XX:+ShowCodeDetailsInExceptionMessages 
java_command: org.eclipse.jdt.internal.junit.runner.RemoteTestRunner -version 3 -port 56113 -testLoaderClass org.eclipse.jdt.internal.junit5.runner.JUnit5TestLoader -loaderpluginname org.eclipse.jdt.junit5.runtime -classNames com.devsuperior.demo.controllers.EventControllerIT
java_class_path (initial): C:\PROJETOS\DEVSUPERIOR\Expert\Spring\02\Desafio TDD Event City\target\test-classes;C:\PROJETOS\DEVSUPERIOR\Expert\Spring\02\Desafio TDD Event City\target\classes;C:\Users\AURICELIO\.m2\repository\org\springframework\boot\spring-boot-starter-web\3.1.0\spring-boot-starter-web-3.1.0.jar;C:\Users\AURICELIO\.m2\repository\org\springframework\boot\spring-boot-starter\3.1.0\spring-boot-starter-3.1.0.jar;C:\Users\AURICELIO\.m2\repository\org\springframework\boot\spring-boot\3.1.0\spring-boot-3.1.0.jar;C:\Users\AURICELIO\.m2\repository\org\springframework\boot\spring-boot-autoconfigure\3.1.0\spring-boot-autoconfigure-3.1.0.jar;C:\Users\AURICELIO\.m2\repository\org\springframework\boot\spring-boot-starter-logging\3.1.0\spring-boot-starter-logging-3.1.0.jar;C:\Users\AURICELIO\.m2\repository\ch\qos\logback\logback-classic\1.4.7\logback-classic-1.4.7.jar;C:\Users\AURICELIO\.m2\repository\ch\qos\logback\logback-core\1.4.7\logback-core-1.4.7.jar;C:\Users\AURICELIO\.m2\repository\org\apache\logging\log4j\log4j-to-slf4j\2.20.0\log4j-to-slf4j-2.20.0.jar;C:\Users\AURICELIO\.m2\repository\org\apache\logging\log4j\log4j-api\2.20.0\log4j-api-2.20.0.jar;C:\Users\AURICELIO\.m2\repository\org\slf4j\jul-to-slf4j\2.0.7\jul-to-slf4j-2.0.7.jar;C:\Users\AURICELIO\.m2\repository\jakarta\annotation\jakarta.annotation-api\2.1.1\jakarta.annotation-api-2.1.1.jar;C:\Users\AURICELIO\.m2\repository\org\yaml\snakeyaml\1.33\snakeyaml-1.33.jar;C:\Users\AURICELIO\.m2\repository\org\springframework\boot\spring-boot-starter-json\3.1.0\spring-boot-starter-json-3.1.0.jar;C:\Users\AURICELIO\.m2\repository\com\fasterxml\jackson\core\jackson-databind\2.15.0\jackson-databind-2.15.0.jar;C:\Users\AURICELIO\.m2\repository\com\fasterxml\jackson\core\jackson-annotations\2.15.0\jackson-annotations-2.15.0.jar;C:\Users\AURICELIO\.m2\repository\com\fasterxml\jackson\core\jackson-core\2.15.0\jackson-core-2.15.0.jar;C:\Users\AURICELIO\.m2\repository\com\fasterxml\jackson\datatype\jackson-datatype-jdk8\2.15.0\jackson-datatype-jdk8-2.15.0.jar;C:\Users\AURICELIO\.m2\repository\com\fasterxml\jackson\datatype\jackson-datatype-jsr310\2.15.0\jackson-datatype-jsr310-2.15.0.jar;C:\Users\AURICELIO\.m2\repository\com\fasterxml\jackson\module\jackson-module-parameter-names\2.15.0\jackson-module-parameter-names-2.15.0.jar;C:\Users\AURICELIO\.m2\repository\org\springframework\boot\spring-boot-starter-tomcat\3.1.0\spring-boot-starter-tomcat-3.1.0.jar;C:\Users\AURICELIO\.m2\repository\org\apache\tomcat\embed\tomcat-embed-core\10.1.8\tomcat-embed-core-10.1.8.jar;C:\Users\AURICELIO\.m2\repository\org\apache\tomcat\embed\tomcat-embed-el\10.1.8\tomcat-embed-el-10.1.8.jar;C:\Users\AURICELIO\.m2\repository\org\apache\tomcat\embed\tomcat-embed-websocket\10.1.8\tomcat-embed-websocket-10.1.8.jar;C:\Users\AURICELIO\.m2\repository\org\springframework\spring-web\6.0.9\spring-web-6.0.9.jar;C:\Users\AURICELIO\.m2\repository\org\springframework\spring-beans\6.0.9\spring-beans-6.0.9.jar;C:\Users\AURICELIO\.m2\repository\io\micrometer\micrometer-observation\1.11.0\micrometer-observation-1.11.0.jar;C:\Users\AURICELIO\.m2\repository\io\micrometer\micrometer-commons\1.11.0\micrometer-commons-1.11.0.jar;C:\Users\AURICELIO\.m2\repository\org\springframework\spring-webmvc\6.0.9\spring-webmvc-6.0.9.jar;C:\Users\AURICELIO\.m2\repository\org\springframework\spring-aop\6.0.9\spring-aop-6.0.9.jar;C:\Users\AURICELIO\.m2\repository\org\springframework\spring-context\6.0.9\spring-context-6.0.9.jar;C:\Users\AURICELIO\.m2\repository\org\springframework\spring-expression\6.0.9\spring-expression-6.0.9.jar;C:\Users\AURICELIO\.m2\repository\org\springframework\boot\spring-boot-starter-test\3.1.0\spring-boot-starter-test-3.1.0.jar;C:\Users\AURICELIO\.m2\repository\org\springframework\boot\spring-boot-test\3.1.0\spring-boot-test-3.1.0.jar;C:\Users\AURICELIO\.m2\repository\org\springframework\boot\spring-boot-test-autoconfigure\3.1.0\spring-boot-test-autoconfigure-3.1.0.jar;C:\Users\AURICELIO\.m2\repository\com\jayway\jsonpath\json-path\2.8.0\json-path-2.8.0.jar;C:\Users\AURICELIO\.m2\repository\org\slf4j\slf4j-api\2.0.7\slf4j-api-2.0.7.jar;C:\Users\AURICELIO\.m2\repository\jakarta\xml\bind\jakarta.xml.bind-api\4.0.0\jakarta.xml.bind-api-4.0.0.jar;C:\Users\AURICELIO\.m2\repository\jakarta\activation\jakarta.activation-api\2.1.2\jakarta.activation-api-2.1.2.jar;C:\Users\AURICELIO\.m2\repository\net\minidev\json-smart\2.4.10\json-smart-2.4.10.jar;C:\Users\AURICELIO\.m2\repository\net\minidev\accessors-smart\2.4.9\accessors-smart-2.4.9.jar;C:\Users\AURICELIO\.m2\repository\org\ow2\asm\asm\9.3\asm-9.3.jar;C:\Users\AURICELIO\.m2\repository\org\assertj\assertj-core\3.24.2\assertj-core-3.24.2.jar;C:\Users\AURICELIO\.m2\repository\net\bytebuddy\byte-buddy\1.14.4\byte-buddy-1.14.4.jar;C:\Users\AURICELIO\.m2\repository\org\hamcrest\hamcrest\2.2\hamcrest-2.2.jar;C:\Users\AURICELIO\.m2\repository\org\junit\jupiter\junit-jupiter\5.9.3\junit-jupiter-5.9.3.jar;C:\Users\AURICELIO\.m2\repository\org\junit\jupiter\junit-jupiter-api\5.9.3\junit-jupiter-api-5.9.3.jar;C:\Users\AURICELIO\.m2\repository\org\opentest4j\opentest4j\1.2.0\opentest4j-1.2.0.jar;C:\Users\AURICELIO\.m2\repository\org\junit\platform\junit-platform-commons\1.9.3\junit-platform-commons-1.9.3.jar;C:\Users\AURICELIO\.m2\repository\org\apiguardian\apiguardian-api\1.1.2\apiguardian-api-1.1.2.jar;C:\Users\AURICELIO\.m2\repository\org\junit\jupiter\junit-jupiter-params\5.9.3\junit-jupiter-params-5.9.3.jar;C:\Users\AURICELIO\.m2\repository\org\junit\jupiter\junit-jupiter-engine\5.9.3\junit-jupiter-engine-5.9.3.jar;C:\Users\AURICELIO\.m2\repository\org\junit\platform\junit-platform-engine\1.9.3\junit-platform-engine-1.9.3.jar;C:\Users\AURICELIO\.m2\repository\org\mockito\mockito-core\5.3.1\mockito-core-5.3.1.jar;C:\Users\AURICELIO\.m2\repository\net\bytebuddy\byte-buddy-agent\1.14.4\byte-buddy-agent-1.14.4.jar;C:\Users\AURICELIO\.m2\repository\org\objenesis\objenesis\3.3\objenesis-3.3.jar;C:\Users\AURICELIO\.m2\repository\org\mockito\mockito-junit-jupiter\5.3.1\mockito-junit-jupiter-5.3.1.jar;C:\Users\AURICELIO\.m2\repository\org\skyscreamer\jsonassert\1.5.1\jsonassert-1.5.1.jar;C:\Users\AURICELIO\.m2\repository\com\vaadin\external\google\android-json\0.0.20131108.vaadin1\android-json-0.0.20131108.vaadin1.jar;C:\Users\AURICELIO\.m2\repository\org\springframework\spring-core\6.0.9\spring-core-6.0.9.jar;C:\Users\AURICELIO\.m2\repository\org\springframework\spring-jcl\6.0.9\spring-jcl-6.0.9.jar;C:\Users\AURICELIO\.m2\repository\org\springframework\spring-test\6.0.9\spring-test-6.0.9.jar;C:\Users\AURICELIO\.m2\repository\org\xmlunit\xmlunit-core\2.9.1\xmlunit-core-2.9.1.jar;C:\Users\AURICELIO\.m2\repository\org\springframework\boot\spring-boot-starter-data-jpa\3.1.0\spring-boot-starter-data-jpa-3.1.0.jar;C:\Users\AURICELIO\.m2\repository\org\springframework\boot\spring-boot-starter-aop\3.1.0\spring-boot-starter-aop-3.1.0.jar;C:\Users\AURICELIO\.m2\repository\org\aspectj\aspectjweaver\1.9.19\aspectjweaver-1.9.19.jar;C:\Users\AURICELIO\.m2\repository\org\springframework\boot\spring-boot-starter-jdbc\3.1.0\spring-boot-starter-jdbc-3.1.0.jar;C:\Users\AURICELIO\.m2\repository\com\zaxxer\HikariCP\5.0.1\HikariCP-5.0.1.jar;C:\Users\AURICELIO\.m2\repository\org\springframework\spring-jdbc\6.0.9\spring-jdbc-6.0.9.jar;C:\Users\AURICELIO\.m2\repository\org\hibernate\orm\hibernate-core\6.2.2.Final\hibernate-core-6.2.2.Final.jar;C:\Users\AURICELIO\.m2\repository\jakarta\persistence\jakarta.persistence-api\3.1.0\jakarta.persistence-api-3.1.0.jar;C:\Users\AURICELIO\.m2\repository\jakarta\transaction\jakarta.transaction-api\2.0.1\jakarta.transaction-api-2.0.1.jar;C:\Users\AURICELIO\.m2\repository\org\jboss\logging\jboss-logging\3.5.0.Final\jboss-logging-3.5.0.Final.jar;C:\Users\AURICELIO\.m2\repository\org\hibernate\common\hibernate-commons-annotations\6.0.6.Final\hibernate-commons-annotations-6.0.6.Final.jar;C:\Users\AURICELIO\.m2\repository\io\smallrye\jandex\3.0.5\jandex-3.0.5.jar;C:\Users\AURICELIO\.m2\repository\com\fasterxml\classmate\1.5.1\classmate-1.5.1.jar;C:\Users\AURICELIO\.m2\repository\org\glassfish\jaxb\jaxb-runtime\4.0.2\jaxb-runtime-4.0.2.jar;C:\Users\AURICELIO\.m2\repository\org\glassfish\jaxb\jaxb-core\4.0.2\jaxb-core-4.0.2.jar;C:\Users\AURICELIO\.m2\repository\org\eclipse\angus\angus-activation\2.0.0\angus-activation-2.0.0.jar;C:\Users\AURICELIO\.m2\repository\org\glassfish\jaxb\txw2\4.0.2\txw2-4.0.2.jar;C:\Users\AURICELIO\.m2\repository\com\sun\istack\istack-commons-runtime\4.1.1\istack-commons-runtime-4.1.1.jar;C:\Users\AURICELIO\.m2\repository\jakarta\inject\jakarta.inject-api\2.0.1\jakarta.inject-api-2.0.1.jar;C:\Users\AURICELIO\.m2\repository\org\antlr\antlr4-runtime\4.10.1\antlr4-runtime-4.10.1.jar;C:\Users\AURICELIO\.m2\repository\org\springframework\data\spring-data-jpa\3.1.0\spring-data-jpa-3.1.0.jar;C:\Users\AURICELIO\.m2\repository\org\springframework\data\spring-data-commons\3.1.0\spring-data-commons-3.1.0.jar;C:\Users\AURICELIO\.m2\repository\org\springframework\spring-orm\6.0.9\spring-orm-6.0.9.jar;C:\Users\AURICELIO\.m2\repository\org\springframework\spring-tx\6.0.9\spring-tx-6.0.9.jar;C:\Users\AURICELIO\.m2\repository\org\springframework\spring-aspects\6.0.9\spring-aspects-6.0.9.jar;C:\Users\AURICELIO\.m2\repository\com\h2database\h2\2.1.214\h2-2.1.214.jar;C:\Users\AURICELIO\.m2\repository\org\junit\platform\junit-platform-launcher\1.9.3\junit-platform-launcher-1.9.3.jar;C:\Users\AURICELIO\.eclipse\org.eclipse.platform_4.20.0_496049175_win32_win32_x86_64\configuration\org.eclipse.osgi\257\0\.cp;C:\Users\AURICELIO\.eclipse\org.eclipse.platform_4.20.0_496049175_win32_win32_x86_64\configuration\org.eclipse.osgi\255\0\.cp
Launcher Type: SUN_STANDARD

[Global flags]
     intx CICompilerCount                          = 3                                         {product} {ergonomic}
     uint ConcGCThreads                            = 1                                         {product} {ergonomic}
     uint G1ConcRefinementThreads                  = 4                                         {product} {ergonomic}
   size_t G1HeapRegionSize                         = 1048576                                   {product} {ergonomic}
    uintx GCDrainStackTargetSize                   = 64                                        {product} {ergonomic}
   size_t InitialHeapSize                          = 134217728                                 {product} {ergonomic}
   size_t MarkStackSize                            = 4194304                                   {product} {ergonomic}
   size_t MaxHeapSize                              = 2116026368                                {product} {ergonomic}
   size_t MaxNewSize                               = 1268776960                                {product} {ergonomic}
   size_t MinHeapDeltaBytes                        = 1048576                                   {product} {ergonomic}
   size_t MinHeapSize                              = 8388608                                   {product} {ergonomic}
    uintx NonNMethodCodeHeapSize                   = 5832780                                {pd product} {ergonomic}
    uintx NonProfiledCodeHeapSize                  = 122912730                              {pd product} {ergonomic}
    uintx ProfiledCodeHeapSize                     = 122912730                              {pd product} {ergonomic}
    uintx ReservedCodeCacheSize                    = 251658240                              {pd product} {ergonomic}
     bool SegmentedCodeCache                       = true                                      {product} {ergonomic}
     bool ShowCodeDetailsInExceptionMessages       = true                                   {manageable} {command line}
   size_t SoftMaxHeapSize                          = 2116026368                             {manageable} {ergonomic}
     bool UseCompressedClassPointers               = true                           {product lp64_product} {ergonomic}
     bool UseCompressedOops                        = true                           {product lp64_product} {ergonomic}
     bool UseG1GC                                  = true                                      {product} {ergonomic}
     bool UseLargePagesIndividualAllocation        = false                                  {pd product} {ergonomic}

Logging:
Log output configuration:
 #0: stdout all=warning uptime,level,tags foldmultilines=false
 #1: stderr all=off uptime,level,tags foldmultilines=false

Environment Variables:
JAVA_HOME=C:\Program Files\Java\jdk-20
PATH=C:/Program Files/sts-4.11.1.RELEASE//plugins/org.eclipse.justj.openjdk.hotspot.jre.full.win32.x86_64_16.0.2.v20210721-1149/jre/bin/server;C:/Program Files/sts-4.11.1.RELEASE//plugins/org.eclipse.justj.openjdk.hotspot.jre.full.win32.x86_64_16.0.2.v20210721-1149/jre/bin;C:\Program Files\Common Files\Oracle\Java\javapath;C:\ProgramData\Oracle\Java\javapath;C:\Python310\Scripts\;C:\Python310\;C:\WINDOWS\system32;C:\WINDOWS;C:\WINDOWS\System32\Wbem;C:\WINDOWS\System32\WindowsPowerShell\v1.0\;C:\WINDOWS\System32\OpenSSH\;C:\Program Files\Java\jdk-20\bin;C:\Program Files\Java\jdk-20\lib\security\cacerts;%CALATINA_HOME%\bin;C:\Program Files\Git\cmd;C:\Program Files\nodejs\;C:\ProgramData\chocolatey\bin;C:\Program Files (x86)\Microsoft SQL Server\160\Tools\Binn\;C:\Program Files\Microsoft SQL Server\160\Tools\Binn\;C:\Program Files\Microsoft SQL Server\Client SDK\ODBC\170\Tools\Binn\;C:\Program Files\Microsoft SQL Server\160\DTS\Binn\;C:\Program Files (x86)\Microsoft SQL Server\160\DTS\Binn\;C:\Program Files\Azure Data Studio\bin;;C:\Program Files\Docker\Docker\resources\bin;C:\Users\AURICELIO\AppData\Local\Microsoft\WindowsApps;C:\Program Files\MySQL\MySQL Server 8.0\bin;;C:\Users\AURICELIO\AppData\Local\Programs\Microsoft VS Code\bin;C:\Program Files\heroku\bin;C:\Users\AURICELIO\AppData\Roaming\npm;C:\Program Files\Azure Data Studio\bin;C:\Program Files\JetBrains\PyCharm Community Edition 2022.3.2\bin;;C:\Program Files\sts-4.11.1.RELEASE;
USERNAME=AURICELIO
OS=Windows_NT
PROCESSOR_IDENTIFIER=Intel64 Family 6 Model 142 Stepping 9, GenuineIntel
TMP=C:\Users\AURICE~1\AppData\Local\Temp
TEMP=C:\Users\AURICE~1\AppData\Local\Temp




---------------  S Y S T E M  ---------------

OS:
 Windows 10 , 64 bit Build 19041 (10.0.19041.3393)
OS uptime: 1 days 11:21 hours
Hyper-V role detected

CPU: total 4 (initial active 4) (2 cores per cpu, 2 threads per core) family 6 model 142 stepping 9 microcode 0xb4, cx8, cmov, fxsr, ht, mmx, 3dnowpref, sse, sse2, sse3, ssse3, sse4.1, sse4.2, popcnt, lzcnt, tsc, tscinvbit, avx, avx2, aes, erms, clmul, bmi1, bmi2, adx, fma, vzeroupper, clflush, clflushopt, hv, rdtscp, f16c

Memory: 4k page, system-wide physical 8068M (300M free)
TotalPageFile size 32644M (AvailPageFile size 0M)
current process WorkingSet (physical memory assigned to process): 81M, peak: 81M
current process commit charge ("private bytes"): 222M, peak: 222M

vm_info: Java HotSpot(TM) 64-Bit Server VM (20.0.2+9-78) for windows-amd64 JRE (20.0.2+9-78), built on 2023-06-14T10:08:48Z by "mach5one" with MS VC++ 17.1 (VS2022)

END.
